2021-01-04 02:58:38 PM: Grid initialized. height: 51. width: 119.
2021-01-04 02:58:38 PM: Placing bombs.
2021-01-04 02:58:40 PM: 8 enclosures detected. Opening.
2021-01-04 02:58:56 PM: 118, 0
2021-01-04 02:58:57 PM: 0, 0
2021-01-04 02:58:58 PM: 1, 0
2021-01-04 02:58:58 PM: 2, 0
2021-01-04 02:58:59 PM: 3, 0
2021-01-04 02:59:00 PM: 3, 50
2021-01-04 02:59:01 PM: 3, 51
2021-01-04 02:59:14 PM: Grid initialized. height: 51. width: 119.
2021-01-04 02:59:14 PM: Placing bombs.
2021-01-04 02:59:16 PM: 8 enclosures detected. Opening.
2021-01-04 02:59:18 PM: 1, 0
2021-01-04 02:59:19 PM: 1, 50
2021-01-04 02:59:19 PM: 1, 0
2021-01-04 02:59:20 PM: 1, 50
2021-01-04 02:59:20 PM: 1, 0
2021-01-04 02:59:21 PM: 2, 0
2021-01-04 02:59:21 PM: 3, 0
2021-01-04 02:59:21 PM: 4, 0
2021-01-04 02:59:21 PM: 5, 0
2021-01-04 02:59:21 PM: 6, 0
2021-01-04 02:59:21 PM: 7, 0
2021-01-04 02:59:22 PM: 8, 0
2021-01-04 02:59:22 PM: 8, 50
2021-01-04 02:59:22 PM: 8, 0
2021-01-04 03:00:03 PM: Grid initialized. height: 51. width: 119.
2021-01-04 03:00:03 PM: Placing bombs.
2021-01-04 03:00:05 PM: 10 enclosures detected. Opening.
2021-01-04 03:00:56 PM: Grid initialized. height: 51. width: 119.
2021-01-04 03:00:56 PM: Placing bombs.
2021-01-04 03:00:58 PM: 10 enclosures detected. Opening.
2021-01-04 03:01:09 PM: Grid initialized. height: 51. width: 119.
2021-01-04 03:01:09 PM: Placing bombs.
2021-01-04 03:01:11 PM: 7 enclosures detected. Opening.
2021-01-04 03:01:32 PM: Grid initialized. height: 51. width: 119.
2021-01-04 03:01:32 PM: Placing bombs.
2021-01-04 03:01:34 PM: 8 enclosures detected. Opening.
2021-01-04 03:03:11 PM: Grid initialized. height: 51. width: 119.
2021-01-04 03:03:11 PM: Placing bombs.
2021-01-04 03:03:12 PM: 13 enclosures detected. Opening.
2021-01-04 03:03:14 PM: 1 enclosures detected. Opening.
2021-01-04 03:03:22 PM: Grid initialized. height: 51. width: 119.
2021-01-04 03:03:22 PM: Placing bombs.
2021-01-04 03:03:24 PM: 14 enclosures detected. Opening.
2021-01-04 03:04:00 PM: Grid initialized. height: 51. width: 119.
2021-01-04 03:04:00 PM: Placing bombs.
2021-01-04 03:04:02 PM: 9 enclosures detected. Opening.
2021-01-04 03:04:32 PM: Grid initialized. height: 51. width: 119.
2021-01-04 03:04:32 PM: Placing bombs.
2021-01-04 03:04:34 PM: 6 enclosures detected. Opening.
2021-01-04 03:04:57 PM: Grid initialized. height: 51. width: 119.
2021-01-04 03:04:57 PM: Placing bombs.
2021-01-04 03:04:59 PM: 15 enclosures detected. Opening.
2021-01-04 03:05:54 PM: Grid initialized. height: 51. width: 119.
2021-01-04 03:05:54 PM: Placing bombs.
2021-01-04 03:05:55 PM: 9 enclosures detected. Opening.
2021-01-04 03:16:41 PM: Grid initialized. height: 20. width: 30.
2021-01-04 03:16:41 PM: Placing bombs.
2021-01-04 03:22:33 PM: Grid initialized. height: 20. width: 30.
2021-01-04 03:22:33 PM: Placing bombs.
2021-01-04 03:23:30 PM: Grid initialized. height: 20. width: 30.
2021-01-04 03:23:30 PM: Placing bombs.
2021-01-05 10:32:16 AM: Grid initialized. height: 29. width: 86.
2021-01-05 10:32:16 AM: Placing bombs.
2021-01-05 10:32:16 AM: 5 enclosures detected. Opening.
2021-01-05 10:32:28 AM: Grid initialized. height: 40. width: 112.
2021-01-05 10:32:28 AM: Placing bombs.
2021-01-05 10:32:29 AM: 9 enclosures detected. Opening.
2021-01-05 10:32:30 AM: 1 enclosures detected. Opening.
